#
# A fatal error has been detected by the Java Runtime Environment:
#
#  EXCEPTION_ACCESS_VIOLATION (0xc0000005) at pc=0x00007ffc353926c4, pid=14776, tid=16852
#
# JRE version: Java(TM) SE Runtime Environment (24.0.1+9) (build 24.0.1+9-30)
# Java VM: Java HotSpot(TM) 64-Bit Server VM (24.0.1+9-30, mixed mode, sharing, tiered, compressed oops, compressed class ptrs, g1 gc, windows-amd64)
# Problematic frame:
# C  [libasyncProfiler.dll+0x926c4]
#
# No core dump will be written. Minidumps are not enabled by default on client versions of Windows
#
# JFR recording file will be written. Location: C:\Users\TAMZID-PC\IdeaProjects\Project1\hs_err_pid14776.jfr
#
# If you would like to submit a bug report, please visit:
#   https://bugreport.java.com/bugreport/crash.jsp
# The crash happened outside the Java Virtual Machine in native code.
# See problematic frame for where to report the bug.
#

---------------  S U M M A R Y ------------

Command Line: -javaagent:C:\Program Files\JetBrains\IntelliJ IDEA 2025.1.1.1\lib\idea_rt.jar=51303 -Dfile.encoding=UTF-8 -Dsun.stdout.encoding=UTF-8 -Dsun.stderr.encoding=UTF-8 Main

Host: 11th Gen Intel(R) Core(TM) i5-11400 @ 2.60GHz, 12 cores, 7G,  Windows 11 , 64 bit Build 22621 (10.0.22621.5262)
Time: Tue Jun 10 22:56:10 2025 Bangladesh Standard Time elapsed time: 9.353753 seconds (0d 0h 0m 9s)

---------------  T H R E A D  ---------------

Current thread (0x00000289c0f04560):  JavaThread "Attach Listener" daemon [_thread_in_native, id=16852, stack(0x000000b0b2800000,0x000000b0b2900000) (1024K)]

Stack: [0x000000b0b2800000,0x000000b0b2900000],  sp=0x000000b0b28fef80,  free space=1019k
Native frames: (J=compiled Java code, j=interpreted, Vv=VM code, C=native code)
C  [libasyncProfiler.dll+0x926c4]  (no source info available)
C  [libasyncProfiler.dll+0x92b9b]  (no source info available)
C  [libasyncProfiler.dll+0x917f4]  (no source info available)
C  [libasyncProfiler.dll+0x9206a]  (no source info available)
C  [libasyncProfiler.dll+0x8cc21]  (no source info available)
C  [libasyncProfiler.dll+0x7e5e1]  (no source info available)
C  [libasyncProfiler.dll+0x7d2f8]  (no source info available)
C  [libasyncProfiler.dll+0x7d1e0]  (no source info available)
C  [libasyncProfiler.dll+0x841b9]  (no source info available)
V  [jvm.dll+0x57eff7]  (no source info available)
V  [jvm.dll+0x57fdac]  (no source info available)
V  [jvm.dll+0x14ca17]  (no source info available)
V  [jvm.dll+0x14dfe1]  (no source info available)
V  [jvm.dll+0x42f456]  (no source info available)
V  [jvm.dll+0x87d76b]  (no source info available)
V  [jvm.dll+0x72ee55]  (no source info available)
C  [ucrtbase.dll+0x29333]  (no source info available)
C  [KERNEL32.DLL+0x1259d]  (no source info available)
C  [ntdll.dll+0x5af58]  (no source info available)


siginfo: EXCEPTION_ACCESS_VIOLATION (0xc0000005), reading address 0xffffffffffffffff


Registers:
RAX=0x0000000000000010, RBX=0x0000000000000000, RCX=0xffffffffffffffff, RDX=0x007ffbbdc4301010
RSP=0x000000b0b28fef80, RBP=0x0000028a0672eff0, RSI=0x000000b0b28ff0f0, RDI=0x0000028a0672eff0
R8 =0x0000000000000042, R9 =0x000000008af01ed8, R10=0x00007ffbbdeb9fb0, R11=0x0000000000000002
R12=0x000000b0b28ff0f0, R13=0x0000028a071c8210, R14=0x00000289c0f04928, R15=0x00000289c0f04928
RIP=0x00007ffc353926c4, EFLAGS=0x0000000000010202

XMM[0]=0x0000000000000000 0x0000000000000000
XMM[1]=0x0000000000000000 0x0000000000000000
XMM[2]=0x0000000000000000 0x0000000000000000
XMM[3]=0x0000000000000000 0x0000000000000000
XMM[4]=0x0000000000000000 0x0000000000000000
XMM[5]=0x0000000000000000 0x0000000000000000
XMM[6]=0x0000000000000000 0x0000000000000000
XMM[7]=0x0000000000000000 0x0000000000000000
XMM[8]=0x0000000000000000 0x0000000000000000
XMM[9]=0x0000000000000000 0x0000000000000000
XMM[10]=0x0000000000000000 0x0000000000000000
XMM[11]=0x0000000000000000 0x0000000000000000
XMM[12]=0x0000000000000000 0x0000000000000000
XMM[13]=0x0000000000000000 0x0000000000000000
XMM[14]=0x0000000000000000 0x0000000000000000
XMM[15]=0x0000000000000000 0x0000000000000000
  MXCSR=0x00001fa0


Register to memory mapping:

RAX=0x0000000000000010 is an unknown value
RBX=0x0 is null
RCX=0xffffffffffffffff is an unknown value
RDX=0x007ffbbdc4301010 is an unknown value
RSP=0x000000b0b28fef80 is pointing into the stack for thread: 0x00000289c0f04560
RBP=0x0000028a0672eff0 points into unknown readable memory: 0x000000008af01ed8 | d8 1e f0 8a 00 00 00 00
RSI=0x000000b0b28ff0f0 is pointing into the stack for thread: 0x00000289c0f04560
RDI=0x0000028a0672eff0 points into unknown readable memory: 0x000000008af01ed8 | d8 1e f0 8a 00 00 00 00
R8 =0x0000000000000042 is an unknown value
R9 =0x000000008af01ed8 is an oop: java.lang.Thread 
{0x000000008af01ed8} - klass: 'java/lang/Thread' - flags: 

 - ---- fields (total size 14 words):
 - 'threadLocalRandomProbe' 'I' @12  1013904242 (0x3c6ef372)
 - private volatile 'eetop' 'J' @16  2790181549584 (0x00000289a3c7b610)
 - private final 'tid' 'J' @24  3 (0x0000000000000003)
 - 'threadLocalRandomSeed' 'J' @32  6750642270329184146 (0x5daf1960e0b51f92)
 - injected 'jvmti_thread_state' 'J' @40  2791848863696 (0x0000028a0728e7d0)
 - 'threadLocalRandomSecondarySeed' 'I' @48  0 (0x00000000)
 - injected 'jvmti_VTMS_transition_disable_count' 'I' @52  0 (0x00000000)
 - injected 'jfr_epoch' 'S' @56  0 (0x0000)
 - volatile 'interrupted' 'Z' @58  false (0x00)
 - injected 'jvmti_is_in_VTMS_transition' 'Z' @59  false (0x00)
 - private volatile 'name' 'Ljava/lang/String;' @60  "main"{0x000000008af01f48} (0x8af01f48)
 - private volatile 'contextClassLoader' 'Ljava/lang/ClassLoader;' @64  a 'jdk/internal/loader/ClassLoaders$AppClassLoader'{0x000000008af161e8} (0x8af161e8)
 - private final 'holder' 'Ljava/lang/Thread$FieldHolder;' @68  a 'java/lang/Thread$FieldHolder'{0x000000008af01f88} (0x8af01f88)
 - 'threadLocals' 'Ljava/lang/ThreadLocal$ThreadLocalMap;' @72  a 'java/lang/ThreadLocal$ThreadLocalMap'{0x000000008adb3bb0} (0x8adb3bb0)
 - 'inheritableThreadLocals' 'Ljava/lang/ThreadLocal$ThreadLocalMap;' @76  null (0x00000000)
 - private 'scopedValueBindings' 'Ljava/lang/Object;' @80  a 'java/lang/Class'{0x00000000ffe7c890} = 'java/lang/Thread' (0xffe7c890)
 - final 'interruptLock' 'Ljava/lang/Object;' @84  a 'java/lang/Object'{0x000000008af01f78} (0x8af01f78)
 - private volatile 'parkBlocker' 'Ljava/lang/Object;' @88  null (0x00000000)
 - private 'nioBlocker' 'Lsun/nio/ch/Interruptible;' @92  null (0x00000000)
 - private 'cont' 'Ljdk/internal/vm/Continuation;' @96  null (0x00000000)
 - private volatile 'uncaughtExceptionHandler' 'Ljava/lang/Thread$UncaughtExceptionHandler;' @100  null (0x00000000)
 - private 'container' 'Ljdk/internal/vm/ThreadContainer;' @104  null (0x00000000)
 - private volatile 'headStackableScopes' 'Ljdk/internal/vm/StackableScope;' @108  null (0x00000000)
R10=0x00007ffbbdeb9fb0 jvm.dll
R11=0x0000000000000002 is an unknown value
R12=0x000000b0b28ff0f0 is pointing into the stack for thread: 0x00000289c0f04560
R13=0x0000028a071c8210 points into unknown readable memory: 0x00007ffbbde2a510 | 10 a5 e2 bd fb 7f 00 00
R14=0x00000289c0f04928 points into unknown readable memory: 0x00007ffbbde217b0 | b0 17 e2 bd fb 7f 00 00
R15=0x00000289c0f04928 points into unknown readable memory: 0x00007ffbbde217b0 | b0 17 e2 bd fb 7f 00 00

Top of Stack: (sp=0x000000b0b28fef80)
0x000000b0b28fef80:   000000b0b28ff0f0 0000028a0672eff0   ..........r.....
0x000000b0b28fef90:   0000000000000000 00000289c0f022a0   ........."......
0x000000b0b28fefa0:   0000000000000020 00007ffc35392b9b    ........+95....
0x000000b0b28fefb0:   0000000000000000 00000289c0f04928   ........(I......
0x000000b0b28fefc0:   000000b0b28ff001 0000000000000000   ................
0x000000b0b28fefd0:   0000028a060fe990 00007ffc353917f4   ..........95....
0x000000b0b28fefe0:   0000000000000000 0000000000000020   ........ .......
0x000000b0b28feff0:   0000000000000000 0000000000000020   ........ .......
0x000000b0b28ff000:   0000000f09cbf040 0000028a06bc7a70   @.......pz......
0x000000b0b28ff010:   0000028a060fe990 0000028a060fea10   ................
0x000000b0b28ff020:   0000028a060fea38 0000000000002f00   8......../......
0x000000b0b28ff030:   0000000000000000 0000000000000000   ................
0x000000b0b28ff040:   0000000000000000 00007ffbbd6857d4   .........Wh.....
0x000000b0b28ff050:   00007ffc354d4ca0 00000000000039b8   .LM5.....9......
0x000000b0b28ff060:   00007ffc354d4ca0 00000000ffffffff   .LM5............
0x000000b0b28ff070:   0000000000000000 00007ffc3539206a   ........j 95....
0x000000b0b28ff080:   00000289c0f04928 0000000000000000   (I..............
0x000000b0b28ff090:   000000b0b28ff0f9 0000028a071c8210   ................
0x000000b0b28ff0a0:   0000000000000003 0000000000000048   ........H.......
0x000000b0b28ff0b0:   0000000800800310 0000000000000020   ........ .......
0x000000b0b28ff0c0:   00000289c0f04928 00007ffc354d4ca0   (I.......LM5....
0x000000b0b28ff0d0:   00000289a3d0e630 0000028a0728e7d0   0.........(.....
0x000000b0b28ff0e0:   0000000800800390 00000289c0f04928   ........(I......
0x000000b0b28ff0f0:   0000028a061c9880 0000028a061c9c80   ................
0x000000b0b28ff100:   0000028a061c9c80 00007ffc354d4ca0   .........LM5....
0x000000b0b28ff110:   0000028a0686c480 00000289a1820000   ................
0x000000b0b28ff120:   000000b0b28ff3c0 0000000000008840   ........@.......
0x000000b0b28ff130:   000000b0b28ff5a0 00007ffc354d4cf0   .........LM5....
0x000000b0b28ff140:   0000000000989680 0000000000989680   ................
0x000000b0b28ff150:   000000b0b28ff260 00007ffc3538cc21   `.......!.85....
0x000000b0b28ff160:   00007ffc354d4ca0 00007ffc354d4cf8   .LM5.....LM5....
0x000000b0b28ff170:   00007ffc00000000 00007ffb00000001   ................

Instructions: (pc=0x00007ffc353926c4)
  0x00007ffc353925c4:   cc cc cc cc cc cc cc cc cc cc cc cc cc cc cc cc
  0x00007ffc353925d4:   cc cc cc cc cc cc cc cc cc cc cc cc cc cc cc cc
  0x00007ffc353925e4:   cc cc cc cc cc cc cc cc cc cc cc cc cc cc cc cc
  0x00007ffc353925f4:   cc cc cc cc cc cc cc cc cc cc cc cc cc cc cc cc
  0x00007ffc35392604:   cc cc cc cc cc cc cc cc cc cc cc cc cc cc cc cc
  0x00007ffc35392614:   cc cc cc cc cc cc cc cc cc cc cc cc cc cc cc cc
  0x00007ffc35392624:   cc cc cc cc cc cc cc cc cc cc cc cc cc cc cc cc
  0x00007ffc35392634:   cc cc cc cc cc cc cc cc cc cc cc cc cc cc cc cc
  0x00007ffc35392644:   cc cc cc cc cc cc cc cc cc cc cc cc 40 57 48 83
  0x00007ffc35392654:   ec 20 48 8b f9 48 8b 0d 10 28 14 00 48 85 c9 74
  0x00007ffc35392664:   20 48 8b 01 48 8d 54 24 38 41 b8 06 00 01 00 4c
  0x00007ffc35392674:   8b 48 30 41 ff d1 85 c0 75 07 48 8b 4c 24 38 eb
  0x00007ffc35392684:   02 33 c9 4c 8b 05 ea 28 14 00 48 89 5c 24 30 4d
  0x00007ffc35392694:   85 c0 74 4a 48 8b 01 48 8b d7 4c 8b 88 28 03 00
  0x00007ffc353926a4:   00 41 ff d1 48 85 c0 74 35 48 63 0d f8 e6 13 00
  0x00007ffc353926b4:   48 8b 14 01 48 85 d2 74 15 48 63 05 fc e6 13 00
=>0x00007ffc353926c4:   8b 04 10 48 8b 5c 24 30 48 83 c4 20 5f c3 b8 ff
  0x00007ffc353926d4:   ff ff ff 48 8b 5c 24 30 48 83 c4 20 5f c3 80 3d
  0x00007ffc353926e4:   9b 27 14 00 00 bb ff ff ff ff 74 20 4c 8b 0d 31
  0x00007ffc353926f4:   24 14 00 4c 8d 44 24 38 48 8b 0d 15 24 14 00 48
  0x00007ffc35392704:   8b d7 41 ff d1 85 c0 0f 44 5c 24 38 8b c3 48 8b
  0x00007ffc35392714:   5c 24 30 48 83 c4 20 5f c3 cc cc cc cc cc cc cc
  0x00007ffc35392724:   cc cc cc cc cc cc cc cc cc cc cc cc cc cc cc cc
  0x00007ffc35392734:   cc cc cc cc cc cc cc cc cc cc cc cc cc cc cc cc
  0x00007ffc35392744:   cc cc cc cc cc cc cc cc cc cc cc cc 48 89 54 24
  0x00007ffc35392754:   10 53 55 56 57 41 56 41 57 48 83 ec 28 48 8b f2
  0x00007ffc35392764:   4c 8b f1 48 89 4c 24 78 45 33 ff 44 89 7c 24 68
  0x00007ffc35392774:   c7 44 24 60 01 00 00 00 48 8d 4c 24 68 e8 ed 42
  0x00007ffc35392784:   f7 ff 8b d8 48 8d 4c 24 60 e8 e1 42 f7 ff 8b e8
  0x00007ffc35392794:   49 8b ce e8 00 fc f6 ff 48 8b f8 90 8b c3 f0 0f
  0x00007ffc353927a4:   b1 2f 74 04 f3 90 eb f4 4c 89 3e 4c 89 7e 08 4c
  0x00007ffc353927b4:   89 7e 10 49 8b 6e 08 4d 8b 76 10 49 3b ee 0f 84


Stack slot to memory mapping:

stack at sp + 0 slots: 0x000000b0b28ff0f0 is pointing into the stack for thread: 0x00000289c0f04560
stack at sp + 1 slots: 0x0000028a0672eff0 points into unknown readable memory: 0x000000008af01ed8 | d8 1e f0 8a 00 00 00 00
stack at sp + 2 slots: 0x0 is null
stack at sp + 3 slots: 0x00000289c0f022a0 points into unknown readable memory: 0x6e616c2e6176616a | 6a 61 76 61 2e 6c 61 6e
stack at sp + 4 slots: 0x0000000000000020 is an unknown value
stack at sp + 5 slots: 0x00007ffc35392b9b libasyncProfiler.dll
stack at sp + 6 slots: 0x0 is null
stack at sp + 7 slots: 0x00000289c0f04928 points into unknown readable memory: 0x00007ffbbde217b0 | b0 17 e2 bd fb 7f 00 00

Lock stack of current Java thread (top to bottom):


---------------  P R O C E S S  ---------------

Threads class SMR info:
_java_thread_list=0x0000028a072eae50, length=21, elements={
0x00000289a3c7b610, 0x00000289c0efc1b0, 0x00000289c0efdba0, 0x00000289c0eff400,
0x00000289c0f04560, 0x00000289c0f03aa0, 0x00000289c0f060a0, 0x00000289c0f08f10,
0x00000289c0f0b7e0, 0x0000028a0610d6c0, 0x0000028a061cc210, 0x0000028a061cc950,
0x0000028a063834f0, 0x0000028a06acc460, 0x0000028a069c9b50, 0x0000028a0705dd50,
0x0000028a07057610, 0x0000028a070cfbe0, 0x0000028a0605f8a0, 0x0000028a06bae430,
0x0000028a076bd110
}

Java Threads: ( => current thread )
  0x00000289a3c7b610 JavaThread "main"                              [_thread_in_native, id=14648, stack(0x000000b0b1d00000,0x000000b0b1e00000) (1024K)]
  0x00000289c0efc1b0 JavaThread "Reference Handler"          daemon [_thread_blocked, id=11132, stack(0x000000b0b2500000,0x000000b0b2600000) (1024K)]
  0x00000289c0efdba0 JavaThread "Finalizer"                  daemon [_thread_blocked, id=9584, stack(0x000000b0b2600000,0x000000b0b2700000) (1024K)]
  0x00000289c0eff400 JavaThread "Signal Dispatcher"          daemon [_thread_blocked, id=14408, stack(0x000000b0b2700000,0x000000b0b2800000) (1024K)]
=>0x00000289c0f04560 JavaThread "Attach Listener"            daemon [_thread_in_native, id=16852, stack(0x000000b0b2800000,0x000000b0b2900000) (1024K)]
  0x00000289c0f03aa0 JavaThread "Service Thread"             daemon [_thread_blocked, id=4156, stack(0x000000b0b2900000,0x000000b0b2a00000) (1024K)]
  0x00000289c0f060a0 JavaThread "Monitor Deflation Thread"   daemon [_thread_blocked, id=9368, stack(0x000000b0b2a00000,0x000000b0b2b00000) (1024K)]
  0x00000289c0f08f10 JavaThread "C2 CompilerThread0"         daemon [_thread_blocked, id=1120, stack(0x000000b0b2b00000,0x000000b0b2c00000) (1024K)]
  0x00000289c0f0b7e0 JavaThread "C1 CompilerThread0"         daemon [_thread_blocked, id=11164, stack(0x000000b0b2c00000,0x000000b0b2d00000) (1024K)]
  0x0000028a0610d6c0 JavaThread "Common-Cleaner"             daemon [_thread_blocked, id=10540, stack(0x000000b0b2d00000,0x000000b0b2e00000) (1024K)]
  0x0000028a061cc210 JavaThread "Monitor Ctrl-Break"         daemon [_thread_in_native, id=7368, stack(0x000000b0b2e00000,0x000000b0b2f00000) (1024K)]
  0x0000028a061cc950 JavaThread "Notification Thread"        daemon [_thread_blocked, id=14928, stack(0x000000b0b2f00000,0x000000b0b3000000) (1024K)]
  0x0000028a063834f0 JavaThread "mysql-cj-abandoned-connection-cleanup" daemon [_thread_blocked, id=7728, stack(0x000000b0b3000000,0x000000b0b3100000) (1024K)]
  0x0000028a06acc460 JavaThread "RMI TCP Accept-0"           daemon [_thread_in_native, id=8304, stack(0x000000b0b3300000,0x000000b0b3400000) (1024K)]
  0x0000028a069c9b50 JavaThread "RMI TCP Connection(1)-192.168.31.205" daemon [_thread_in_native, id=2840, stack(0x000000b0b3400000,0x000000b0b3500000) (1024K)]
  0x0000028a0705dd50 JavaThread "RMI Scheduler(0)"           daemon [_thread_blocked, id=1484, stack(0x000000b0b3500000,0x000000b0b3600000) (1024K)]
  0x0000028a07057610 JavaThread "JMX server connection timeout 32" daemon [_thread_blocked, id=14176, stack(0x000000b0b3600000,0x000000b0b3700000) (1024K)]
  0x0000028a070cfbe0 JavaThread "C2 CompilerThread1"         daemon [_thread_blocked, id=10296, stack(0x000000b0b3100000,0x000000b0b3200000) (1024K)]
  0x0000028a0605f8a0 JavaThread "JFR Recorder Thread"        daemon [_thread_in_native, id=14204, stack(0x000000b0b3200000,0x000000b0b3300000) (1024K)]
  0x0000028a06bae430 JavaThread "C2 CompilerThread2"         daemon [_thread_in_native, id=11064, stack(0x000000b0b3700000,0x000000b0b3800000) (1024K)]
  0x0000028a076bd110 JavaThread "JFR Periodic Tasks"         daemon [_thread_blocked, id=12032, stack(0x000000b0b3800000,0x000000b0b3900000) (1024K)]
Total: 21

Other Threads:
  0x00000289c0eec660 VMThread "VM Thread"                           [id=10920, stack(0x000000b0b2400000,0x000000b0b2500000) (1024K)]
  0x00000289c0edfe60 WatcherThread "VM Periodic Task Thread"        [id=13124, stack(0x000000b0b2300000,0x000000b0b2400000) (1024K)]
  0x00000289a3cd3b70 WorkerThread "GC Thread#0"                     [id=6452, stack(0x000000b0b1e00000,0x000000b0b1f00000) (1024K)]
  0x00000289a3ce8570 ConcurrentGCThread "G1 Main Marker"            [id=13840, stack(0x000000b0b1f00000,0x000000b0b2000000) (1024K)]
  0x00000289a3ce9080 WorkerThread "G1 Conc#0"                       [id=11448, stack(0x000000b0b2000000,0x000000b0b2100000) (1024K)]
  0x00000289c0d9e940 ConcurrentGCThread "G1 Refine#0"               [id=10440, stack(0x000000b0b2100000,0x000000b0b2200000) (1024K)]
  0x00000289c0d9f2d0 ConcurrentGCThread "G1 Service"                [id=3496, stack(0x000000b0b2200000,0x000000b0b2300000) (1024K)]
Total: 7

Threads with active compile tasks:
C2 CompilerThread2  9442 2482       4       jdk.jfr.internal.MetadataWriter::write (168 bytes)
Total: 1

VM state: not at safepoint (normal execution)

VM Mutex/Monitor currently owned by a thread: None

Heap address: 0x0000000083200000, size: 1998 MB, Compressed Oops mode: 32-bit

CDS archive(s) mapped at: [0x00000289c1000000-0x00000289c1d40000-0x00000289c1d40000), size 13893632, SharedBaseAddress: 0x00000289c1000000, ArchiveRelocationMode: 1.
Compressed class space mapped at: 0x00000289c2000000-0x0000028a02000000, reserved size: 1073741824
UseCompressedClassPointers 1, UseCompactObjectHeaders 0
Narrow klass pointer bits 32, Max shift 3
Narrow klass base: 0x00000289c1000000, Narrow klass shift: 0
Encoding Range: [0x00000289c1000000 - 0x0000028ac1000000), (4294967296 bytes)
Klass Range:    [0x00000289c1000000 - 0x0000028a02000000), (1090519040 bytes)
Klass ID Range:  [8 - 1090519033) (1090519025)

GC Precious Log:
 CardTable entry size: 512
 Card Set container configuration: InlinePtr #cards 5 size 8 Array Of Cards #cards 10 size 36 Howl #buckets 4 coarsen threshold 1843 Howl Bitmap #cards 512 size 80 coarsen threshold 460 Card regions per heap region 1 cards per card region 2048
 CPUs: 12 total, 12 available
 Memory: 7989M
 Large Page Support: Disabled
 NUMA Support: Disabled
 Compressed Oops: Enabled (32-bit)
 Heap Region Size: 1M
 Heap Min Capacity: 8M
 Heap Initial Capacity: 126M
 Heap Max Capacity: 1998M
 Pre-touch: Disabled
 Parallel Workers: 10
 Concurrent Workers: 3
 Concurrent Refinement Workers: 10
 Periodic GC: Disabled

Heap:
 garbage-first heap   total reserved 2045952K, committed 131072K, used 45172K [0x0000000083200000, 0x0000000100000000)
  region size 1024K, 44 young (45056K), 0 survivors (0K)
 Metaspace       used 15668K, committed 15936K, reserved 1114112K
  class space    used 1496K, committed 1664K, reserved 1048576K

Heap Regions: E=young(eden), S=young(survivor), O=old, HS=humongous(starts), HC=humongous(continues), CS=collection set, F=free, TAMS=top-at-mark-start, PB=parsable bottom
|   0|0x0000000083200000, 0x0000000083200000, 0x0000000083300000|  0%| F|  |TAMS 0x0000000083200000| PB 0x0000000083200000| Untracked |  0
|   1|0x0000000083300000, 0x0000000083300000, 0x0000000083400000|  0%| F|  |TAMS 0x0000000083300000| PB 0x0000000083300000| Untracked |  0
|   2|0x0000000083400000, 0x0000000083400000, 0x0000000083500000|  0%| F|  |TAMS 0x0000000083400000| PB 0x0000000083400000| Untracked |  0
|   3|0x0000000083500000, 0x0000000083500000, 0x0000000083600000|  0%| F|  |TAMS 0x0000000083500000| PB 0x0000000083500000| Untracked |  0
|   4|0x0000000083600000, 0x0000000083600000, 0x0000000083700000|  0%| F|  |TAMS 0x0000000083600000| PB 0x0000000083600000| Untracked |  0
|   5|0x0000000083700000, 0x0000000083700000, 0x0000000083800000|  0%| F|  |TAMS 0x0000000083700000| PB 0x0000000083700000| Untracked |  0
|   6|0x0000000083800000, 0x0000000083800000, 0x0000000083900000|  0%| F|  |TAMS 0x0000000083800000| PB 0x0000000083800000| Untracked |  0
|   7|0x0000000083900000, 0x0000000083900000, 0x0000000083a00000|  0%| F|  |TAMS 0x0000000083900000| PB 0x0000000083900000| Untracked |  0
|   8|0x0000000083a00000, 0x0000000083a00000, 0x0000000083b00000|  0%| F|  |TAMS 0x0000000083a00000| PB 0x0000000083a00000| Untracked |  0
|   9|0x0000000083b00000, 0x0000000083b00000, 0x0000000083c00000|  0%| F|  |TAMS 0x0000000083b00000| PB 0x0000000083b00000| Untracked |  0
|  10|0x0000000083c00000, 0x0000000083c00000, 0x0000000083d00000|  0%| F|  |TAMS 0x0000000083c00000| PB 0x0000000083c00000| Untracked |  0
|  11|0x0000000083d00000, 0x0000000083d00000, 0x0000000083e00000|  0%| F|  |TAMS 0x0000000083d00000| PB 0x0000000083d00000| Untracked |  0
|  12|0x0000000083e00000, 0x0000000083e00000, 0x0000000083f00000|  0%| F|  |TAMS 0x0000000083e00000| PB 0x0000000083e00000| Untracked |  0
|  13|0x0000000083f00000, 0x0000000083f00000, 0x0000000084000000|  0%| F|  |TAMS 0x0000000083f00000| PB 0x0000000083f00000| Untracked |  0
|  14|0x0000000084000000, 0x0000000084000000, 0x0000000084100000|  0%| F|  |TAMS 0x0000000084000000| PB 0x0000000084000000| Untracked |  0
|  15|0x0000000084100000, 0x0000000084100000, 0x0000000084200000|  0%| F|  |TAMS 0x0000000084100000| PB 0x0000000084100000| Untracked |  0
|  16|0x0000000084200000, 0x0000000084200000, 0x0000000084300000|  0%| F|  |TAMS 0x0000000084200000| PB 0x0000000084200000| Untracked |  0
|  17|0x0000000084300000, 0x0000000084300000, 0x0000000084400000|  0%| F|  |TAMS 0x0000000084300000| PB 0x0000000084300000| Untracked |  0
|  18|0x0000000084400000, 0x0000000084400000, 0x0000000084500000|  0%| F|  |TAMS 0x0000000084400000| PB 0x0000000084400000| Untracked |  0
|  19|0x0000000084500000, 0x0000000084500000, 0x0000000084600000|  0%| F|  |TAMS 0x0000000084500000| PB 0x0000000084500000| Untracked |  0
|  20|0x0000000084600000, 0x0000000084600000, 0x0000000084700000|  0%| F|  |TAMS 0x0000000084600000| PB 0x0000000084600000| Untracked |  0
|  21|0x0000000084700000, 0x0000000084700000, 0x0000000084800000|  0%| F|  |TAMS 0x0000000084700000| PB 0x0000000084700000| Untracked |  0
|  22|0x0000000084800000, 0x0000000084800000, 0x0000000084900000|  0%| F|  |TAMS 0x0000000084800000| PB 0x0000000084800000| Untracked |  0
|  23|0x0000000084900000, 0x0000000084900000, 0x0000000084a00000|  0%| F|  |TAMS 0x0000000084900000| PB 0x0000000084900000| Untracked |  0
|  24|0x0000000084a00000, 0x0000000084a00000, 0x0000000084b00000|  0%| F|  |TAMS 0x0000000084a00000| PB 0x0000000084a00000| Untracked |  0
|  25|0x0000000084b00000, 0x0000000084b00000, 0x0000000084c00000|  0%| F|  |TAMS 0x0000000084b00000| PB 0x0000000084b00000| Untracked |  0
|  26|0x0000000084c00000, 0x0000000084c00000, 0x0000000084d00000|  0%| F|  |TAMS 0x0000000084c00000| PB 0x0000000084c00000| Untracked |  0
|  27|0x0000000084d00000, 0x0000000084d00000, 0x0000000084e00000|  0%| F|  |TAMS 0x0000000084d00000| PB 0x0000000084d00000| Untracked |  0
|  28|0x0000000084e00000, 0x0000000084e00000, 0x0000000084f00000|  0%| F|  |TAMS 0x0000000084e00000| PB 0x0000000084e00000| Untracked |  0
|  29|0x0000000084f00000, 0x0000000084f00000, 0x0000000085000000|  0%| F|  |TAMS 0x0000000084f00000| PB 0x0000000084f00000| Untracked |  0
|  30|0x0000000085000000, 0x0000000085000000, 0x0000000085100000|  0%| F|  |TAMS 0x0000000085000000| PB 0x0000000085000000| Untracked |  0
|  31|0x0000000085100000, 0x0000000085100000, 0x0000000085200000|  0%| F|  |TAMS 0x0000000085100000| PB 0x0000000085100000| Untracked |  0
|  32|0x0000000085200000, 0x0000000085200000, 0x0000000085300000|  0%| F|  |TAMS 0x0000000085200000| PB 0x0000000085200000| Untracked |  0
|  33|0x0000000085300000, 0x0000000085300000, 0x0000000085400000|  0%| F|  |TAMS 0x0000000085300000| PB 0x0000000085300000| Untracked |  0
|  34|0x0000000085400000, 0x0000000085400000, 0x0000000085500000|  0%| F|  |TAMS 0x0000000085400000| PB 0x0000000085400000| Untracked |  0
|  35|0x0000000085500000, 0x0000000085500000, 0x0000000085600000|  0%| F|  |TAMS 0x0000000085500000| PB 0x0000000085500000| Untracked |  0
|  36|0x0000000085600000, 0x0000000085600000, 0x0000000085700000|  0%| F|  |TAMS 0x0000000085600000| PB 0x0000000085600000| Untracked |  0
|  37|0x0000000085700000, 0x0000000085700000, 0x0000000085800000|  0%| F|  |TAMS 0x0000000085700000| PB 0x0000000085700000| Untracked |  0
|  38|0x0000000085800000, 0x0000000085800000, 0x0000000085900000|  0%| F|  |TAMS 0x0000000085800000| PB 0x0000000085800000| Untracked |  0
|  39|0x0000000085900000, 0x0000000085900000, 0x0000000085a00000|  0%| F|  |TAMS 0x0000000085900000| PB 0x0000000085900000| Untracked |  0
|  40|0x0000000085a00000, 0x0000000085a00000, 0x0000000085b00000|  0%| F|  |TAMS 0x0000000085a00000| PB 0x0000000085a00000| Untracked |  0
|  41|0x0000000085b00000, 0x0000000085b00000, 0x0000000085c00000|  0%| F|  |TAMS 0x0000000085b00000| PB 0x0000000085b00000| Untracked |  0
|  42|0x0000000085c00000, 0x0000000085c00000, 0x0000000085d00000|  0%| F|  |TAMS 0x0000000085c00000| PB 0x0000000085c00000| Untracked |  0
|  43|0x0000000085d00000, 0x0000000085d00000, 0x0000000085e00000|  0%| F|  |TAMS 0x0000000085d00000| PB 0x0000000085d00000| Untracked |  0
|  44|0x0000000085e00000, 0x0000000085e00000, 0x0000000085f00000|  0%| F|  |TAMS 0x0000000085e00000| PB 0x0000000085e00000| Untracked |  0
|  45|0x0000000085f00000, 0x0000000085f00000, 0x0000000086000000|  0%| F|  |TAMS 0x0000000085f00000| PB 0x0000000085f00000| Untracked |  0
|  46|0x0000000086000000, 0x0000000086000000, 0x0000000086100000|  0%| F|  |TAMS 0x0000000086000000| PB 0x0000000086000000| Untracked |  0
|  47|0x0000000086100000, 0x0000000086100000, 0x0000000086200000|  0%| F|  |TAMS 0x0000000086100000| PB 0x0000000086100000| Untracked |  0
|  48|0x0000000086200000, 0x0000000086200000, 0x0000000086300000|  0%| F|  |TAMS 0x0000000086200000| PB 0x0000000086200000| Untracked |  0
|  49|0x0000000086300000, 0x0000000086300000, 0x0000000086400000|  0%| F|  |TAMS 0x0000000086300000| PB 0x0000000086300000| Untracked |  0
|  50|0x0000000086400000, 0x0000000086400000, 0x0000000086500000|  0%| F|  |TAMS 0x0000000086400000| PB 0x0000000086400000| Untracked |  0
|  51|0x0000000086500000, 0x0000000086500000, 0x0000000086600000|  0%| F|  |TAMS 0x0000000086500000| PB 0x0000000086500000| Untracked |  0
|  52|0x0000000086600000, 0x0000000086600000, 0x0000000086700000|  0%| F|  |TAMS 0x0000000086600000| PB 0x0000000086600000| Untracked |  0
|  53|0x0000000086700000, 0x0000000086700000, 0x0000000086800000|  0%| F|  |TAMS 0x0000000086700000| PB 0x0000000086700000| Untracked |  0
|  54|0x0000000086800000, 0x0000000086800000, 0x0000000086900000|  0%| F|  |TAMS 0x0000000086800000| PB 0x0000000086800000| Untracked |  0
|  55|0x0000000086900000, 0x0000000086900000, 0x0000000086a00000|  0%| F|  |TAMS 0x0000000086900000| PB 0x0000000086900000| Untracked |  0
|  56|0x0000000086a00000, 0x0000000086a00000, 0x0000000086b00000|  0%| F|  |TAMS 0x0000000086a00000| PB 0x0000000086a00000| Untracked |  0
|  57|0x0000000086b00000, 0x0000000086b00000, 0x0000000086c00000|  0%| F|  |TAMS 0x0000000086b00000| PB 0x0000000086b00000| Untracked |  0
|  58|0x0000000086c00000, 0x0000000086c00000, 0x0000000086d00000|  0%| F|  |TAMS 0x0000000086c00000| PB 0x0000000086c00000| Untracked |  0
|  59|0x0000000086d00000, 0x0000000086d00000, 0x0000000086e00000|  0%| F|  |TAMS 0x0000000086d00000| PB 0x0000000086d00000| Untracked |  0
|  60|0x0000000086e00000, 0x0000000086e00000, 0x0000000086f00000|  0%| F|  |TAMS 0x0000000086e00000| PB 0x0000000086e00000| Untracked |  0
|  61|0x0000000086f00000, 0x0000000086f00000, 0x0000000087000000|  0%| F|  |TAMS 0x0000000086f00000| PB 0x0000000086f00000| Untracked |  0
|  62|0x0000000087000000, 0x0000000087000000, 0x0000000087100000|  0%| F|  |TAMS 0x0000000087000000| PB 0x0000000087000000| Untracked |  0
|  63|0x0000000087100000, 0x0000000087100000, 0x0000000087200000|  0%| F|  |TAMS 0x0000000087100000| PB 0x0000000087100000| Untracked |  0
|  64|0x0000000087200000, 0x0000000087200000, 0x0000000087300000|  0%| F|  |TAMS 0x0000000087200000| PB 0x0000000087200000| Untracked |  0
|  65|0x0000000087300000, 0x0000000087300000, 0x0000000087400000|  0%| F|  |TAMS 0x0000000087300000| PB 0x0000000087300000| Untracked |  0
|  66|0x0000000087400000, 0x0000000087400000, 0x0000000087500000|  0%| F|  |TAMS 0x0000000087400000| PB 0x0000000087400000| Untracked |  0
|  67|0x0000000087500000, 0x0000000087500000, 0x0000000087600000|  0%| F|  |TAMS 0x0000000087500000| PB 0x0000000087500000| Untracked |  0
|  68|0x0000000087600000, 0x0000000087600000, 0x0000000087700000|  0%| F|  |TAMS 0x0000000087600000| PB 0x0000000087600000| Untracked |  0
|  69|0x0000000087700000, 0x0000000087700000, 0x0000000087800000|  0%| F|  |TAMS 0x0000000087700000| PB 0x0000000087700000| Untracked |  0
|  70|0x0000000087800000, 0x0000000087800000, 0x0000000087900000|  0%| F|  |TAMS 0x0000000087800000| PB 0x0000000087800000| Untracked |  0
|  71|0x0000000087900000, 0x0000000087900000, 0x0000000087a00000|  0%| F|  |TAMS 0x0000000087900000| PB 0x0000000087900000| Untracked |  0
|  72|0x0000000087a00000, 0x0000000087a00000, 0x0000000087b00000|  0%| F|  |TAMS 0x0000000087a00000| PB 0x0000000087a00000| Untracked |  0
|  73|0x0000000087b00000, 0x0000000087b00000, 0x0000000087c00000|  0%| F|  |TAMS 0x0000000087b00000| PB 0x0000000087b00000| Untracked |  0
|  74|0x0000000087c00000, 0x0000000087c00000, 0x0000000087d00000|  0%| F|  |TAMS 0x0000000087c00000| PB 0x0000000087c00000| Untracked |  0
|  75|0x0000000087d00000, 0x0000000087d00000, 0x0000000087e00000|  0%| F|  |TAMS 0x0000000087d00000| PB 0x0000000087d00000| Untracked |  0
|  76|0x0000000087e00000, 0x0000000087e00000, 0x0000000087f00000|  0%| F|  |TAMS 0x0000000087e00000| PB 0x0000000087e00000| Untracked |  0
|  77|0x0000000087f00000, 0x0000000087f00000, 0x0000000088000000|  0%| F|  |TAMS 0x0000000087f00000| PB 0x0000000087f00000| Untracked |  0
|  78|0x0000000088000000, 0x0000000088000000, 0x0000000088100000|  0%| F|  |TAMS 0x0000000088000000| PB 0x0000000088000000| Untracked |  0
|  79|0x0000000088100000, 0x0000000088100000, 0x0000000088200000|  0%| F|  |TAMS 0x0000000088100000| PB 0x0000000088100000| Untracked |  0
|  80|0x0000000088200000, 0x0000000088200000, 0x0000000088300000|  0%| F|  |TAMS 0x0000000088200000| PB 0x0000000088200000| Untracked |  0
|  81|0x0000000088300000, 0x0000000088300000, 0x0000000088400000|  0%| F|  |TAMS 0x0000000088300000| PB 0x0000000088300000| Untracked |  0
|  82|0x0000000088400000, 0x0000000088500000, 0x0000000088500000|100%| E|  |TAMS 0x0000000088400000| PB 0x0000000088400000| Complete |  0
|  83|0x0000000088500000, 0x0000000088600000, 0x0000000088600000|100%| E|CS|TAMS 0x0000000088500000| PB 0x0000000088500000| Complete |  0
|  84|0x0000000088600000, 0x0000000088700000, 0x0000000088700000|100%| E|CS|TAMS 0x0000000088600000| PB 0x0000000088600000| Complete |  0
|  85|0x0000000088700000, 0x0000000088800000, 0x0000000088800000|100%| E|CS|TAMS 0x0000000088700000| PB 0x0000000088700000| Complete |  0
|  86|0x0000000088800000, 0x0000000088900000, 0x0000000088900000|100%| E|CS|TAMS 0x0000000088800000| PB 0x0000000088800000| Complete |  0
|  87|0x0000000088900000, 0x0000000088a00000, 0x0000000088a00000|100%| E|CS|TAMS 0x0000000088900000| PB 0x0000000088900000| Complete |  0
|  88|0x0000000088a00000, 0x0000000088b00000, 0x0000000088b00000|100%| E|CS|TAMS 0x0000000088a00000| PB 0x0000000088a00000| Complete |  0
|  89|0x0000000088b00000, 0x0000000088c00000, 0x0000000088c00000|100%| E|CS|TAMS 0x0000000088b00000| PB 0x0000000088b00000| Complete |  0
|  90|0x0000000088c00000, 0x0000000088d00000, 0x0000000088d00000|100%| E|CS|TAMS 0x0000000088c00000| PB 0x0000000088c00000| Complete |  0
|  91|0x0000000088d00000, 0x0000000088e00000, 0x0000000088e00000|100%| E|CS|TAMS 0x0000000088d00000| PB 0x0000000088d00000| Complete |  0
|  92|0x0000000088e00000, 0x0000000088f00000, 0x0000000088f00000|100%| E|CS|TAMS 0x0000000088e00000| PB 0x0000000088e00000| Complete |  0
|  93|0x0000000088f00000, 0x0000000089000000, 0x0000000089000000|100%| E|CS|TAMS 0x0000000088f00000| PB 0x0000000088f00000| Complete |  0
|  94|0x0000000089000000, 0x0000000089100000, 0x0000000089100000|100%| E|CS|TAMS 0x0000000089000000| PB 0x0000000089000000| Complete |  0
|  95|0x0000000089100000, 0x0000000089200000, 0x0000000089200000|100%| E|CS|TAMS 0x0000000089100000| PB 0x0000000089100000| Complete |  0
|  96|0x0000000089200000, 0x0000000089300000, 0x0000000089300000|100%| E|CS|TAMS 0x0000000089200000| PB 0x0000000089200000| Complete |  0
|  97|0x0000000089300000, 0x0000000089400000, 0x0000000089400000|100%| E|CS|TAMS 0x0000000089300000| PB 0x0000000089300000| Complete |  0
|  98|0x0000000089400000, 0x0000000089500000, 0x0000000089500000|100%| E|CS|TAMS 0x0000000089400000| PB 0x0000000089400000| Complete |  0
|  99|0x0000000089500000, 0x0000000089600000, 0x0000000089600000|100%| E|CS|TAMS 0x0000000089500000| PB 0x0000000089500000| Complete |  0
| 100|0x0000000089600000, 0x0000000089700000, 0x0000000089700000|100%| E|CS|TAMS 0x0000000089600000| PB 0x0000000089600000| Complete |  0
| 101|0x0000000089700000, 0x0000000089800000, 0x0000000089800000|100%| E|CS|TAMS 0x0000000089700000| PB 0x0000000089700000| Complete |  0
| 102|0x0000000089800000, 0x0000000089900000, 0x0000000089900000|100%| E|CS|TAMS 0x0000000089800000| PB 0x0000000089800000| Complete |  0
| 103|0x0000000089900000, 0x0000000089a00000, 0x0000000089a00000|100%| E|CS|TAMS 0x0000000089900000| PB 0x0000000089900000| Complete |  0
| 104|0x0000000089a00000, 0x0000000089b00000, 0x0000000089b00000|100%| E|CS|TAMS 0x0000000089a00000| PB 0x0000000089a00000| Complete |  0
| 105|0x0000000089b00000, 0x0000000089c00000, 0x0000000089c00000|100%| E|CS|TAMS 0x0000000089b00000| PB 0x0000000089b00000| Complete |  0
| 106|0x0000000089c00000, 0x0000000089d00000, 0x0000000089d00000|100%| E|CS|TAMS 0x0000000089c00000| PB 0x0000000089c00000| Complete |  0
| 107|0x0000000089d00000, 0x0000000089e00000, 0x0000000089e00000|100%| E|CS|TAMS 0x0000000089d00000| PB 0x0000000089d00000| Complete |  0
| 108|0x0000000089e00000, 0x0000000089f00000, 0x0000000089f00000|100%| E|CS|TAMS 0x0000000089e00000| PB 0x0000000089e00000| Complete |  0
| 109|0x0000000089f00000, 0x000000008a000000, 0x000000008a000000|100%| E|CS|TAMS 0x0000000089f00000| PB 0x0000000089f00000| Complete |  0
| 110|0x000000008a000000, 0x000000008a100000, 0x000000008a100000|100%| E|CS|TAMS 0x000000008a000000| PB 0x000000008a000000| Complete |  0
| 111|0x000000008a100000, 0x000000008a200000, 0x000000008a200000|100%| E|CS|TAMS 0x000000008a100000| PB 0x000000008a100000| Complete |  0
| 112|0x000000008a200000, 0x000000008a300000, 0x000000008a300000|100%| E|CS|TAMS 0x000000008a200000| PB 0x000000008a200000| Complete |  0
| 113|0x000000008a300000, 0x000000008a400000, 0x000000008a400000|100%| E|CS|TAMS 0x000000008a300000| PB 0x000000008a300000| Complete |  0
| 114|0x000000008a400000, 0x000000008a500000, 0x000000008a500000|100%| E|CS|TAMS 0x000000008a400000| PB 0x000000008a400000| Complete |  0
| 115|0x000000008a500000, 0x000000008a600000, 0x000000008a600000|100%| E|CS|TAMS 0x000000008a500000| PB 0x000000008a500000| Complete |  0
| 116|0x000000008a600000, 0x000000008a700000, 0x000000008a700000|100%| E|CS|TAMS 0x000000008a600000| PB 0x000000008a600000| Complete |  0
| 117|0x000000008a700000, 0x000000008a800000, 0x000000008a800000|100%| E|CS|TAMS 0x000000008a700000| PB 0x000000008a700000| Complete |  0
| 118|0x000000008a800000, 0x000000008a900000, 0x000000008a900000|100%| E|CS|TAMS 0x000000008a800000| PB 0x000000008a800000| Complete |  0
| 119|0x000000008a900000, 0x000000008aa00000, 0x000000008aa00000|100%| E|CS|TAMS 0x000000008a900000| PB 0x000000008a900000| Complete |  0
| 120|0x000000008aa00000, 0x000000008ab00000, 0x000000008ab00000|100%| E|CS|TAMS 0x000000008aa00000| PB 0x000000008aa00000| Complete |  0
| 121|0x000000008ab00000, 0x000000008ac00000, 0x000000008ac00000|100%| E|CS|TAMS 0x000000008ab00000| PB 0x000000008ab00000| Complete |  0
| 122|0x000000008ac00000, 0x000000008ad00000, 0x000000008ad00000|100%| E|CS|TAMS 0x000000008ac00000| PB 0x000000008ac00000| Complete |  0
| 123|0x000000008ad00000, 0x000000008ae00000, 0x000000008ae00000|100%| E|CS|TAMS 0x000000008ad00000| PB 0x000000008ad00000| Complete |  0
| 124|0x000000008ae00000, 0x000000008af00000, 0x000000008af00000|100%| E|CS|TAMS 0x000000008ae00000| PB 0x000000008ae00000| Complete |  0
| 125|0x000000008af00000, 0x000000008b000000, 0x000000008b000000|100%| E|CS|TAMS 0x000000008af00000| PB 0x000000008af00000| Complete |  0
|1996|0x00000000ffe00000, 0x00000000fff00000, 0x00000000fff00000|100%| O|  |TAMS 0x00000000ffe00000| PB 0x00000000ffe00000| Untracked |  0
|1997|0x00000000fff00000, 0x00000000fff1d1c0, 0x0000000100000000| 11%| O|  |TAMS 0x00000000fff00000| PB 0x00000000fff00000| Untracked |  0

Card table byte_map: [0x00000289bbf70000,0x00000289bc360000] _byte_map_base: 0x00000289bbb57000

Marking Bits: (CMBitMap*) 0x00000289a3cd4280
 Bits: [0x00000289bc360000, 0x00000289be298000)

Polling page: 0x00000289a1ab0000

Metaspace:

Usage:
  Non-class:     13.84 MB used.
      Class:      1.46 MB used.
       Both:     15.30 MB used.

Virtual space:
  Non-class space:       64.00 MB reserved,      13.94 MB ( 22%) committed,  1 nodes.
      Class space:        1.00 GB reserved,       1.62 MB ( <1%) committed,  1 nodes.
             Both:        1.06 GB reserved,      15.56 MB (  1%) committed. 

Chunk freelists:
   Non-Class:  2.06 MB
       Class:  14.24 MB
        Both:  16.31 MB

MaxMetaspaceSize: unlimited
CompressedClassSpaceSize: 1.00 GB
Initial GC threshold: 21.00 MB
Current GC threshold: 21.00 MB
CDS: on
 - commit_granule_bytes: 65536.
 - commit_granule_words: 8192.
 - virtual_space_node_default_size: 8388608.
 - enlarge_chunks_in_place: 1.
UseCompressedClassPointers 1, UseCompactObjectHeaders 0
Narrow klass pointer bits 32, Max shift 3
Narrow klass base: 0x00000289c1000000, Narrow klass shift: 0
Encoding Range: [0x00000289c1000000 - 0x0000028ac1000000), (4294967296 bytes)
Klass Range:    [0x00000289c1000000 - 0x0000028a02000000), (1090519040 bytes)
Klass ID Range:  [8 - 1090519033) (1090519025)


Internal statistics:

num_allocs_failed_limit: 0.
num_arena_births: 220.
num_arena_deaths: 0.
num_vsnodes_births: 2.
num_vsnodes_deaths: 0.
num_space_committed: 249.
num_space_uncommitted: 0.
num_chunks_returned_to_freelist: 0.
num_chunks_taken_from_freelist: 444.
num_chunk_merges: 0.
num_chunk_splits: 256.
num_chunks_enlarged: 140.
num_inconsistent_stats: 0.

CodeHeap 'non-profiled nmethods': size=120064Kb used=894Kb max_used=894Kb free=119169Kb
 bounds [0x00000289b3fe0000, 0x00000289b4250000, 0x00000289bb520000]
CodeHeap 'profiled nmethods': size=120000Kb used=3639Kb max_used=3639Kb free=116360Kb
 bounds [0x00000289ac520000, 0x00000289ac8b0000, 0x00000289b3a50000]
CodeHeap 'non-nmethods': size=5696Kb used=1573Kb max_used=1620Kb free=4122Kb
 bounds [0x00000289b3a50000, 0x00000289b3cc0000, 0x00000289b3fe0000]
CodeCache: size=245760Kb, used=6106Kb, max_used=6153Kb, free=239651Kb
 total_blobs=3097, nmethods=2504, adapters=498, full_count=0
Compilation: enabled, stopped_count=0, restarted_count=0

Compilation events (20 events):
Event: 9.314 Thread 0x00000289c0f0b7e0 2498       1       jdk.jfr.internal.EventControl::getEventType (5 bytes)
Event: 9.314 Thread 0x00000289c0f0b7e0 nmethod 2498 0x00000289b40bc788 code [0x00000289b40bc880, 0x00000289b40bc948]
Event: 9.314 Thread 0x00000289c0f0b7e0 2499       1       jdk.jfr.internal.EventControl::getSettingsId (5 bytes)
Event: 9.314 Thread 0x00000289c0f0b7e0 nmethod 2499 0x00000289b40bca88 code [0x00000289b40bcb80, 0x00000289b40bcc48]
Event: 9.314 Thread 0x00000289c0f0b7e0 2500       1       jdk.jfr.internal.EventControl::getNamedControls (5 bytes)
Event: 9.314 Thread 0x00000289c0f0b7e0 nmethod 2500 0x00000289b40bcd88 code [0x00000289b40bce80, 0x00000289b40bcf48]
Event: 9.314 Thread 0x00000289c0f08f10 nmethod 2484 0x00000289b40bd088 code [0x00000289b40bd1a0, 0x00000289b40bd6a8]
Event: 9.314 Thread 0x00000289c0f08f10 2485       4       java.util.LinkedHashMap::afterNodeInsertion (40 bytes)
Event: 9.315 Thread 0x00000289c0f08f10 nmethod 2485 0x00000289b40bd708 code [0x00000289b40bd800, 0x00000289b40bd8b8]
Event: 9.315 Thread 0x00000289c0f08f10 2490       4       java.util.AbstractSet::<init> (5 bytes)
Event: 9.315 Thread 0x00000289c0f08f10 nmethod 2490 0x00000289b40bda08 code [0x00000289b40bdb00, 0x00000289b40bdb78]
Event: 9.316 Thread 0x00000289c0f0b7e0 2502       1       jdk.jfr.internal.periodic.EventTask::getEventType (5 bytes)
Event: 9.316 Thread 0x00000289c0f0b7e0 nmethod 2502 0x00000289b40bdd08 code [0x00000289b40bde00, 0x00000289b40bdec8]
Event: 9.316 Thread 0x00000289c0f0b7e0 2503       1       jdk.jfr.internal.periodic.PeriodicTask::getPeriod (5 bytes)
Event: 9.316 Thread 0x00000289c0f0b7e0 nmethod 2503 0x00000289b40be008 code [0x00000289b40be100, 0x00000289b40be1c8]
Event: 9.316 Thread 0x00000289c0f0b7e0 2504       3       java.util.Comparator$$Lambda/0x00000289c21777c8::compare (10 bytes)
Event: 9.317 Thread 0x00000289c0f0b7e0 nmethod 2504 0x00000289ac8ad208 code [0x00000289ac8ad360, 0x00000289ac8ad7d0]
Event: 9.317 Thread 0x00000289c0f0b7e0 2505       3       java.util.Comparator::lambda$comparingLong$6043328a$1 (18 bytes)
Event: 9.317 Thread 0x00000289c0f0b7e0 nmethod 2505 0x00000289ac8ad808 code [0x00000289ac8ad960, 0x00000289ac8add40]
Event: 9.321 Thread 0x0000028a070cfbe0 nmethod 2468 0x00000289b40be308 code [0x00000289b40be5c0, 0x00000289b40bf918]

GC Heap History (0 events):
No events

Dll operation events (13 events):
Event: 0.011 Loaded shared library C:\Program Files\Java\jdk-24\bin\java.dll
Event: 0.049 Loaded shared library C:\Program Files\Java\jdk-24\bin\jsvml.dll
Event: 0.084 Loaded shared library C:\Program Files\Java\jdk-24\bin\zip.dll
Event: 0.088 Loaded shared library C:\Program Files\Java\jdk-24\bin\instrument.dll
Event: 0.092 Loaded shared library C:\Program Files\Java\jdk-24\bin\net.dll
Event: 0.095 Loaded shared library C:\Program Files\Java\jdk-24\bin\nio.dll
Event: 0.102 Loaded shared library C:\Program Files\Java\jdk-24\bin\zip.dll
Event: 0.124 Loaded shared library C:\Program Files\Java\jdk-24\bin\extnet.dll
Event: 0.124 Loaded shared library C:\Program Files\Java\jdk-24\bin\jimage.dll
Event: 0.314 Loaded shared library C:\Program Files\Java\jdk-24\bin\management.dll
Event: 0.323 Loaded shared library C:\Program Files\Java\jdk-24\bin\management_ext.dll
Event: 0.526 Loaded shared library C:\Program Files\Java\jdk-24\bin\sunmscapi.dll
Event: 9.150 Loaded shared library C:\Users\TAMZID-PC\AppData\Local\Temp\idea_libasyncProfiler_dll_temp_folder3\libasyncProfiler.dll

Deoptimization events (20 events):
Event: 9.267 Thread 0x00000289c0f04560 Uncommon trap: trap_request=0xffffffde fr.pc=0x00000289b40ad9a4 relative=0x0000000000000104
Event: 9.267 Thread 0x00000289c0f04560 Uncommon trap: reason=class_check action=maybe_recompile pc=0x00000289b40ad9a4 method=jdk.internal.misc.Unsafe.allocateUninitializedArray(Ljava/lang/Class;I)Ljava/lang/Object; @ 51 c2
Event: 9.267 Thread 0x00000289c0f04560 DEOPT PACKING pc=0x00000289b40ad9a4 sp=0x000000b0b28fd6d0
Event: 9.267 Thread 0x00000289c0f04560 DEOPT UNPACKING pc=0x00000289b3b75f02 sp=0x000000b0b28fd648 mode 2
Event: 9.267 Thread 0x00000289c0f04560 Uncommon trap: trap_request=0xffffffde fr.pc=0x00000289b40ad9a4 relative=0x0000000000000104
Event: 9.267 Thread 0x00000289c0f04560 Uncommon trap: reason=class_check action=maybe_recompile pc=0x00000289b40ad9a4 method=jdk.internal.misc.Unsafe.allocateUninitializedArray(Ljava/lang/Class;I)Ljava/lang/Object; @ 51 c2
Event: 9.267 Thread 0x00000289c0f04560 DEOPT PACKING pc=0x00000289b40ad9a4 sp=0x000000b0b28fd6d0
Event: 9.267 Thread 0x00000289c0f04560 DEOPT UNPACKING pc=0x00000289b3b75f02 sp=0x000000b0b28fd648 mode 2
Event: 9.267 Thread 0x00000289c0f04560 Uncommon trap: trap_request=0xffffffde fr.pc=0x00000289b40ad9a4 relative=0x0000000000000104
Event: 9.267 Thread 0x00000289c0f04560 Uncommon trap: reason=class_check action=maybe_recompile pc=0x00000289b40ad9a4 method=jdk.internal.misc.Unsafe.allocateUninitializedArray(Ljava/lang/Class;I)Ljava/lang/Object; @ 51 c2
Event: 9.267 Thread 0x00000289c0f04560 DEOPT PACKING pc=0x00000289b40ad9a4 sp=0x000000b0b28fd6d0
Event: 9.267 Thread 0x00000289c0f04560 DEOPT UNPACKING pc=0x00000289b3b75f02 sp=0x000000b0b28fd648 mode 2
Event: 9.268 Thread 0x00000289c0f04560 Uncommon trap: trap_request=0xffffff4d fr.pc=0x00000289b406d084 relative=0x0000000000000244
Event: 9.268 Thread 0x00000289c0f04560 Uncommon trap: reason=unstable_if action=reinterpret pc=0x00000289b406d084 method=java.util.concurrent.ConcurrentHashMap.get(Ljava/lang/Object;)Ljava/lang/Object; @ 76 c2
Event: 9.268 Thread 0x00000289c0f04560 DEOPT PACKING pc=0x00000289b406d084 sp=0x000000b0b28fe200
Event: 9.268 Thread 0x00000289c0f04560 DEOPT UNPACKING pc=0x00000289b3b75f02 sp=0x000000b0b28fe178 mode 2
Event: 9.273 Thread 0x00000289c0f04560 Uncommon trap: trap_request=0xffffffcc fr.pc=0x00000289b40afc08 relative=0x00000000000003c8
Event: 9.273 Thread 0x00000289c0f04560 Uncommon trap: reason=intrinsic_or_type_checked_inlining action=make_not_entrant pc=0x00000289b40afc08 method=java.util.Arrays.copyOf([Ljava/lang/Object;ILjava/lang/Class;)[Ljava/lang/Object; @ 35 c2
Event: 9.273 Thread 0x00000289c0f04560 DEOPT PACKING pc=0x00000289b40afc08 sp=0x000000b0b28fe360
Event: 9.273 Thread 0x00000289c0f04560 DEOPT UNPACKING pc=0x00000289b3b75f02 sp=0x000000b0b28fe2f0 mode 2

Classes loaded (20 events):
Event: 9.296 Loading class jdk/jfr/internal/MetadataWriter
Event: 9.296 Loading class jdk/jfr/internal/MetadataWriter done
Event: 9.296 Loading class jdk/jfr/internal/MetadataDescriptor$Element
Event: 9.296 Loading class jdk/jfr/internal/MetadataDescriptor$Element done
Event: 9.296 Loading class jdk/jfr/internal/MetadataDescriptor$Attribute
Event: 9.296 Loading class jdk/jfr/internal/MetadataDescriptor$Attribute done
Event: 9.301 Loading class jdk/jfr/internal/consumer/StringParser$Encoding
Event: 9.301 Loading class jdk/jfr/internal/consumer/StringParser$Encoding done
Event: 9.308 Loading class jdk/jfr/internal/consumer/RepositoryFiles
Event: 9.308 Loading class jdk/jfr/internal/consumer/RepositoryFiles done
Event: 9.310 Loading class jdk/jfr/internal/SettingsManager$InternalSetting
Event: 9.310 Loading class jdk/jfr/internal/SettingsManager$InternalSetting done
Event: 9.311 Loading class jdk/jfr/internal/util/Rate
Event: 9.312 Loading class jdk/jfr/internal/util/Rate done
Event: 9.312 Loading class jdk/jfr/internal/util/TimespanUnit
Event: 9.312 Loading class jdk/jfr/internal/util/TimespanUnit done
Event: 9.312 Loading class jdk/jfr/internal/util/ValueParser
Event: 9.313 Loading class jdk/jfr/internal/util/ValueParser done
Event: 9.314 Loading class jdk/jfr/internal/periodic/PeriodicType
Event: 9.314 Loading class jdk/jfr/internal/periodic/PeriodicType done

Classes unloaded (0 events):
No events

Classes redefined (0 events):
No events

Internal exceptions (20 events):
Event: 0.690 Thread 0x00000289a3c7b610 Exception <a 'java/lang/NoSuchMethodError'{0x0000000089106080}: 'java.lang.Object java.lang.invoke.Invokers$Holder.invoke_MT(java.lang.Object, java.lang.Object, java.lang.Object, java.lang.Object, java.lang.Object, java.lang.Object)'> (0x0000000089106080) 
thrown [s\open\src\hotspot\share\interpreter\linkResolver.cpp, line 805]
Event: 0.691 Thread 0x00000289a3c7b610 Exception <a 'java/lang/NoSuchMethodError'{0x000000008910ed50}: 'java.lang.Object java.lang.invoke.DirectMethodHandle$Holder.invokeStatic(java.lang.Object, java.lang.Object, int)'> (0x000000008910ed50) 
thrown [s\open\src\hotspot\share\interpreter\linkResolver.cpp, line 805]
Event: 0.692 Thread 0x00000289a3c7b610 Exception <a 'java/lang/NoSuchMethodError'{0x000000008912ffd8}: 'void java.lang.invoke.DelegatingMethodHandle$Holder.delegate(java.lang.Object, java.lang.Object, int, java.lang.Object)'> (0x000000008912ffd8) 
thrown [s\open\src\hotspot\share\interpreter\linkResolver.cpp, line 805]
Event: 0.708 Thread 0x00000289a3c7b610 Exception <a 'java/lang/NoSuchMethodError'{0x0000000089026ff8}: 'void java.lang.invoke.DirectMethodHandle$Holder.invokeStatic(java.lang.Object, java.lang.Object, java.lang.Object, java.lang.Object)'> (0x0000000089026ff8) 
thrown [s\open\src\hotspot\share\interpreter\linkResolver.cpp, line 805]
Event: 0.728 Thread 0x00000289a3c7b610 Exception <a 'java/lang/NoSuchMethodError'{0x00000000890c5958}: 'void java.lang.invoke.DirectMethodHandle$Holder.invokeInterface(java.lang.Object, java.lang.Object, java.lang.Object, java.lang.Object)'> (0x00000000890c5958) 
thrown [s\open\src\hotspot\share\interpreter\linkResolver.cpp, line 805]
Event: 0.906 Thread 0x0000028a069c9b50 Exception <a 'java/lang/NoSuchMethodError'{0x00000000893c8f08}: 'long java.lang.invoke.DirectMethodHandle$Holder.invokeVirtual(java.lang.Object, java.lang.Object)'> (0x00000000893c8f08) 
thrown [s\open\src\hotspot\share\interpreter\linkResolver.cpp, line 805]
Event: 0.906 Thread 0x0000028a069c9b50 Exception <a 'java/lang/NoSuchMethodError'{0x00000000893d11f8}: 'java.lang.Object java.lang.invoke.DirectMethodHandle$Holder.invokeStatic(java.lang.Object, long)'> (0x00000000893d11f8) 
thrown [s\open\src\hotspot\share\interpreter\linkResolver.cpp, line 805]
Event: 0.906 Thread 0x0000028a069c9b50 Exception <a 'java/lang/NoSuchMethodError'{0x00000000893e12a0}: 'long java.lang.invoke.DelegatingMethodHandle$Holder.reinvoke_L(java.lang.Object, java.lang.Object)'> (0x00000000893e12a0) 
thrown [s\open\src\hotspot\share\interpreter\linkResolver.cpp, line 805]
Event: 9.180 Thread 0x00000289c0f04560 Implicit null exception at 0x00000289b4015c56 to 0x00000289b4015cf6
Event: 9.181 Thread 0x00000289c0f04560 Implicit null exception at 0x00000289b4009b9d to 0x00000289b4009c19
Event: 9.192 Thread 0x00000289c0f04560 Exception <a 'java/lang/NoSuchMethodError'{0x0000000088ec3f48}: 'void java.lang.invoke.DirectMethodHandle$Holder.invokeStaticInit(java.lang.Object)'> (0x0000000088ec3f48) 
thrown [s\open\src\hotspot\share\interpreter\linkResolver.cpp, line 805]
Event: 9.202 Thread 0x00000289c0f04560 Exception <a 'java/lang/NoSuchMethodError'{0x0000000088d226d0}: 'java.lang.Object java.lang.invoke.DirectMethodHandle$Holder.newInvokeSpecial(java.lang.Object, java.lang.Object, java.lang.Object, java.lang.Object, java.lang.Object)'> (0x0000000088d226d0) 
thrown [s\open\src\hotspot\share\interpreter\linkResolver.cpp, line 805]
Event: 9.238 Thread 0x00000289c0f04560 Exception <a 'java/lang/NoSuchMethodError'{0x0000000088cb7808}: 'int java.lang.invoke.DirectMethodHandle$Holder.invokeStatic(java.lang.Object, java.lang.Object, java.lang.Object, java.lang.Object)'> (0x0000000088cb7808) 
thrown [s\open\src\hotspot\share\interpreter\linkResolver.cpp, line 805]
Event: 9.287 Thread 0x00000289c0f04560 Exception <a 'java/lang/NoSuchMethodError'{0x00000000888b4f00}: 'void java.lang.invoke.DirectMethodHandle$Holder.invokeSpecial(java.lang.Object, java.lang.Object, int)'> (0x00000000888b4f00) 
thrown [s\open\src\hotspot\share\interpreter\linkResolver.cpp, line 805]
Event: 9.287 Thread 0x00000289c0f04560 Exception <a 'java/lang/NoSuchMethodError'{0x00000000888bcb20}: 'void java.lang.invoke.Invokers$Holder.invokeExact_MT(java.lang.Object, int, java.lang.Object)'> (0x00000000888bcb20) 
thrown [s\open\src\hotspot\share\interpreter\linkResolver.cpp, line 805]
Event: 9.288 Thread 0x00000289c0f04560 Exception <a 'java/lang/NoSuchMethodError'{0x00000000888d6f68}: 'void java.lang.invoke.DirectMethodHandle$Holder.invokeStatic(java.lang.Object, java.lang.Object, int)'> (0x00000000888d6f68) 
thrown [s\open\src\hotspot\share\interpreter\linkResolver.cpp, line 805]
Event: 9.289 Thread 0x00000289c0f04560 Exception <a 'java/lang/NoSuchMethodError'{0x00000000888e5e70}: 'java.lang.Object java.lang.invoke.DirectMethodHandle$Holder.newInvokeSpecial(java.lang.Object, java.lang.Object, int)'> (0x00000000888e5e70) 
thrown [s\open\src\hotspot\share\interpreter\linkResolver.cpp, line 805]
Event: 9.291 Thread 0x00000289c0f04560 Exception <a 'sun/nio/fs/WindowsException'{0x000000008879b728}> (0x000000008879b728) 
thrown [s\open\src\hotspot\share\prims\jni.cpp, line 518]
Event: 9.292 Thread 0x00000289c0f04560 Exception <a 'sun/nio/fs/WindowsException'{0x00000000887a8690}> (0x00000000887a8690) 
thrown [s\open\src\hotspot\share\prims\jni.cpp, line 518]
Event: 9.294 Thread 0x00000289c0f04560 Exception <a 'sun/nio/fs/WindowsException'{0x00000000887ba650}> (0x00000000887ba650) 
thrown [s\open\src\hotspot\share\prims\jni.cpp, line 518]

VM Operations (16 events):
Event: 0.071 Executing VM operation: HandshakeAllThreads (Deoptimize)
Event: 0.071 Executing VM operation: HandshakeAllThreads (Deoptimize) done
Event: 0.169 Executing VM operation: HandshakeAllThreads (Deoptimize)
Event: 0.170 Executing VM operation: HandshakeAllThreads (Deoptimize) done
Event: 0.331 Executing VM operation: HandshakeAllThreads (Deoptimize)
Event: 0.331 Executing VM operation: HandshakeAllThreads (Deoptimize) done
Event: 0.371 Executing VM operation: HandshakeAllThreads (Deoptimize)
Event: 0.371 Executing VM operation: HandshakeAllThreads (Deoptimize) done
Event: 0.440 Executing VM operation: HandshakeAllThreads (Deoptimize)
Event: 0.440 Executing VM operation: HandshakeAllThreads (Deoptimize) done
Event: 0.545 Executing VM operation: HandshakeAllThreads (Deoptimize)
Event: 0.545 Executing VM operation: HandshakeAllThreads (Deoptimize) done
Event: 9.290 Executing VM operation: HandshakeAllThreads (Deoptimize)
Event: 9.290 Executing VM operation: HandshakeAllThreads (Deoptimize) done
Event: 9.309 Executing VM operation: JFRSafepointClear
Event: 9.309 Executing VM operation: JFRSafepointClear done

Memory protections (0 events):
No events

Nmethod flushes (0 events):
No events

Events (20 events):
Event: 0.046 Thread 0x00000289a3c7b610 Thread added: 0x00000289c0f03aa0
Event: 0.046 Thread 0x00000289a3c7b610 Thread added: 0x00000289c0f060a0
Event: 0.046 Thread 0x00000289a3c7b610 Thread added: 0x00000289c0f08f10
Event: 0.046 Thread 0x00000289a3c7b610 Thread added: 0x00000289c0f0b7e0
Event: 0.090 Thread 0x00000289a3c7b610 Thread added: 0x0000028a0610d6c0
Event: 0.114 Thread 0x00000289a3c7b610 Thread added: 0x0000028a061cc210
Event: 0.114 Thread 0x00000289a3c7b610 Thread added: 0x0000028a061cc950
Event: 0.157 Thread 0x00000289a3c7b610 Thread added: 0x0000028a063834f0
Event: 0.197 Thread 0x00000289c0f0b7e0 Thread added: 0x0000028a063fbc30
Event: 0.207 Thread 0x00000289c0f0b7e0 Thread added: 0x0000028a06392f50
Event: 0.511 Thread 0x00000289c0f04560 Thread added: 0x0000028a06acc460
Event: 0.524 Thread 0x0000028a06acc460 Thread added: 0x0000028a069c9b50
Event: 0.537 Thread 0x0000028a069c9b50 Thread added: 0x0000028a0705dd50
Event: 0.543 Thread 0x0000028a069c9b50 Thread added: 0x0000028a07057610
Event: 0.905 Thread 0x0000028a06392f50 Thread exited: 0x0000028a06392f50
Event: 0.905 Thread 0x0000028a063fbc30 Thread exited: 0x0000028a063fbc30
Event: 9.169 Thread 0x00000289c0f0b7e0 Thread added: 0x0000028a070cfbe0
Event: 9.189 Thread 0x00000289c0f04560 Thread added: 0x0000028a0605f8a0
Event: 9.244 Thread 0x00000289c0f0b7e0 Thread added: 0x0000028a06bae430
Event: 9.289 Thread 0x00000289c0f04560 Thread added: 0x0000028a076bd110


Dynamic libraries:
0x00007ff760330000 - 0x00007ff760340000 	C:\Program Files\Java\jdk-24\bin\java.exe
0x00007ffc659b0000 - 0x00007ffc65bc7000 	C:\WINDOWS\SYSTEM32\ntdll.dll
0x00007ffc63640000 - 0x00007ffc63704000 	C:\WINDOWS\System32\KERNEL32.DLL
0x00007ffc630a0000 - 0x00007ffc63473000 	C:\WINDOWS\System32\KERNELBASE.dll
0x00007ffc62aa0000 - 0x00007ffc62bb1000 	C:\WINDOWS\System32\ucrtbase.dll
0x00007ffc4b730000 - 0x00007ffc4b74b000 	C:\Program Files\Java\jdk-24\bin\VCRUNTIME140.dll
0x00007ffc53090000 - 0x00007ffc530a6000 	C:\Program Files\Java\jdk-24\bin\jli.dll
0x00007ffc64f10000 - 0x00007ffc650c1000 	C:\WINDOWS\System32\USER32.dll
0x00007ffc62f40000 - 0x00007ffc62f66000 	C:\WINDOWS\System32\win32u.dll
0x00007ffc54370000 - 0x00007ffc5460b000 	C:\WINDOWS\WinSxS\amd64_microsoft.windows.common-controls_6595b64144ccf1df_6.0.22621.5262_none_2712bde373830908\COMCTL32.dll
0x00007ffc64ee0000 - 0x00007ffc64f09000 	C:\WINDOWS\System32\GDI32.dll
0x00007ffc639d0000 - 0x00007ffc63a77000 	C:\WINDOWS\System32\msvcrt.dll
0x00007ffc62f70000 - 0x00007ffc63092000 	C:\WINDOWS\System32\gdi32full.dll
0x00007ffc62ea0000 - 0x00007ffc62f3a000 	C:\WINDOWS\System32\msvcp_win.dll
0x00007ffc63990000 - 0x00007ffc639c1000 	C:\WINDOWS\System32\IMM32.DLL
0x00007ffc5c7e0000 - 0x00007ffc5c7ec000 	C:\Program Files\Java\jdk-24\bin\vcruntime140_1.dll
0x00007ffc4b6a0000 - 0x00007ffc4b72e000 	C:\Program Files\Java\jdk-24\bin\msvcp140.dll
0x00007ffbbd1f0000 - 0x00007ffbbdf92000 	C:\Program Files\Java\jdk-24\bin\server\jvm.dll
0x00007ffc64690000 - 0x00007ffc64741000 	C:\WINDOWS\System32\ADVAPI32.dll
0x00007ffc638d0000 - 0x00007ffc63977000 	C:\WINDOWS\System32\sechost.dll
0x00007ffc62bc0000 - 0x00007ffc62be8000 	C:\WINDOWS\System32\bcrypt.dll
0x00007ffc64980000 - 0x00007ffc64a94000 	C:\WINDOWS\System32\RPCRT4.dll
0x00007ffc63850000 - 0x00007ffc638c1000 	C:\WINDOWS\System32\WS2_32.dll
0x00007ffc618f0000 - 0x00007ffc6193d000 	C:\WINDOWS\SYSTEM32\POWRPROF.dll
0x00007ffc5bae0000 - 0x00007ffc5baea000 	C:\WINDOWS\SYSTEM32\VERSION.dll
0x00007ffc55400000 - 0x00007ffc55434000 	C:\WINDOWS\SYSTEM32\WINMM.dll
0x00007ffc618d0000 - 0x00007ffc618e3000 	C:\WINDOWS\SYSTEM32\UMPDC.dll
0x00007ffc61b90000 - 0x00007ffc61ba8000 	C:\WINDOWS\SYSTEM32\kernel.appcore.dll
0x00007ffc4d4c0000 - 0x00007ffc4d4ca000 	C:\Program Files\Java\jdk-24\bin\jimage.dll
0x00007ffc55140000 - 0x00007ffc55372000 	C:\WINDOWS\SYSTEM32\DBGHELP.DLL
0x00007ffc63b30000 - 0x00007ffc63ec3000 	C:\WINDOWS\System32\combase.dll
0x00007ffc64750000 - 0x00007ffc64827000 	C:\WINDOWS\System32\OLEAUT32.dll
0x00007ffc53000000 - 0x00007ffc53032000 	C:\WINDOWS\SYSTEM32\dbgcore.DLL
0x00007ffc63480000 - 0x00007ffc634fb000 	C:\WINDOWS\System32\bcryptPrimitives.dll
0x00007ffc4b860000 - 0x00007ffc4b86f000 	C:\Program Files\Java\jdk-24\bin\instrument.dll
0x00007ffc4b680000 - 0x00007ffc4b69e000 	C:\Program Files\Java\jdk-24\bin\java.dll
0x00007ffc64aa0000 - 0x00007ffc64c41000 	C:\WINDOWS\System32\ole32.dll
0x00007ffc650d0000 - 0x00007ffc6596d000 	C:\WINDOWS\System32\SHELL32.dll
0x00007ffc63500000 - 0x00007ffc6363f000 	C:\WINDOWS\System32\wintypes.dll
0x00007ffc60990000 - 0x00007ffc612ad000 	C:\WINDOWS\SYSTEM32\windows.storage.dll
0x00007ffc63ed0000 - 0x00007ffc63fdb000 	C:\WINDOWS\System32\SHCORE.dll
0x00007ffc64d10000 - 0x00007ffc64d76000 	C:\WINDOWS\System32\shlwapi.dll
0x00007ffc629d0000 - 0x00007ffc629fb000 	C:\WINDOWS\SYSTEM32\profapi.dll
0x00007ffc4b2d0000 - 0x00007ffc4b3a7000 	C:\Program Files\Java\jdk-24\bin\jsvml.dll
0x00007ffc4b2b0000 - 0x00007ffc4b2c7000 	C:\Program Files\Java\jdk-24\bin\zip.dll
0x00007ffc4b670000 - 0x00007ffc4b680000 	C:\Program Files\Java\jdk-24\bin\net.dll
0x00007ffc62000000 - 0x00007ffc6206a000 	C:\WINDOWS\system32\mswsock.dll
0x00007ffc4b650000 - 0x00007ffc4b666000 	C:\Program Files\Java\jdk-24\bin\nio.dll
0x00007ffc4afd0000 - 0x00007ffc4afd9000 	C:\Program Files\Java\jdk-24\bin\extnet.dll
0x00007ffc615f0000 - 0x00007ffc616e8000 	C:\WINDOWS\SYSTEM32\DNSAPI.dll
0x00007ffc61510000 - 0x00007ffc6153d000 	C:\WINDOWS\SYSTEM32\IPHLPAPI.DLL
0x00007ffc648c0000 - 0x00007ffc648c9000 	C:\WINDOWS\System32\NSI.dll
0x00007ffc5d3a0000 - 0x00007ffc5d3aa000 	C:\Windows\System32\rasadhlp.dll
0x00007ffc5b430000 - 0x00007ffc5b4b3000 	C:\WINDOWS\System32\fwpuclnt.dll
0x00007ffc4afb0000 - 0x00007ffc4afba000 	C:\Program Files\Java\jdk-24\bin\management.dll
0x00007ffc4afa0000 - 0x00007ffc4afab000 	C:\Program Files\Java\jdk-24\bin\management_ext.dll
0x00007ffc64970000 - 0x00007ffc64978000 	C:\WINDOWS\System32\PSAPI.DLL
0x00007ffc62350000 - 0x00007ffc6236b000 	C:\WINDOWS\SYSTEM32\CRYPTSP.dll
0x00007ffc61af0000 - 0x00007ffc61b27000 	C:\WINDOWS\system32\rsaenh.dll
0x00007ffc620a0000 - 0x00007ffc620c8000 	C:\WINDOWS\SYSTEM32\USERENV.dll
0x00007ffc62330000 - 0x00007ffc6233c000 	C:\WINDOWS\SYSTEM32\CRYPTBASE.dll
0x00007ffc47490000 - 0x00007ffc474a7000 	C:\WINDOWS\system32\napinsp.dll
0x00007ffc47470000 - 0x00007ffc4748b000 	C:\WINDOWS\system32\pnrpnsp.dll
0x00007ffc47450000 - 0x00007ffc47461000 	C:\WINDOWS\System32\winrnr.dll
0x00007ffc5b690000 - 0x00007ffc5b6af000 	C:\WINDOWS\system32\wshbth.dll
0x00007ffc473f0000 - 0x00007ffc47411000 	C:\WINDOWS\system32\nlansp_c.dll
0x00007ffc4afc0000 - 0x00007ffc4afce000 	C:\Program Files\Java\jdk-24\bin\sunmscapi.dll
0x00007ffc62d30000 - 0x00007ffc62e97000 	C:\WINDOWS\System32\CRYPT32.dll
0x00007ffc62460000 - 0x00007ffc6248d000 	C:\WINDOWS\SYSTEM32\ncrypt.dll
0x00007ffc62420000 - 0x00007ffc62457000 	C:\WINDOWS\SYSTEM32\NTASN1.dll
0x00007ffc55690000 - 0x00007ffc556e0000 	C:\WINDOWS\SYSTEM32\pdh.dll
0x00007ffc4af80000 - 0x00007ffc4af91000 	C:\WINDOWS\System32\perfproc.dll
0x00007ffc48ec0000 - 0x00007ffc48ed0000 	C:\WINDOWS\System32\perfos.dll
0x00007ffc600a0000 - 0x00007ffc600b0000 	C:\WINDOWS\SYSTEM32\pfclient.dll
0x00007ffc35300000 - 0x00007ffc354f8000 	C:\Users\TAMZID-PC\AppData\Local\Temp\idea_libasyncProfiler_dll_temp_folder3\libasyncProfiler.dll

JVMTI agents:
C:\Program Files\JetBrains\IntelliJ IDEA 2025.1.1.1\lib\idea_rt.jar path:C:\Program Files\Java\jdk-24\bin\instrument.dll, loaded, initialized, instrumentlib options:51303

dbghelp: loaded successfully - version: 4.0.5 - missing functions: none
symbol engine: initialized successfully - sym options: 0x614 - pdb path: .;C:\Program Files\Java\jdk-24\bin;C:\WINDOWS\SYSTEM32;C:\WINDOWS\WinSxS\amd64_microsoft.windows.common-controls_6595b64144ccf1df_6.0.22621.5262_none_2712bde373830908;C:\Program Files\Java\jdk-24\bin\server;C:\Users\TAMZID-PC\AppData\Local\Temp\idea_libasyncProfiler_dll_temp_folder3

VM Arguments:
jvm_args: -javaagent:C:\Program Files\JetBrains\IntelliJ IDEA 2025.1.1.1\lib\idea_rt.jar=51303 -Dfile.encoding=UTF-8 -Dsun.stdout.encoding=UTF-8 -Dsun.stderr.encoding=UTF-8 
java_command: Main
java_class_path (initial): C:\Users\TAMZID-PC\IdeaProjects\Project1\out\production\Project1;D:\JDBC Connector\mysql-connector-j-9.3.0\mysql-connector-j-9.3.0\mysql-connector-j-9.3.0.jar
Launcher Type: SUN_STANDARD

[Global flags]
     intx CICompilerCount                          = 4                                         {product} {ergonomic}
     uint ConcGCThreads                            = 3                                         {product} {ergonomic}
     bool FlightRecorder                           = true                                      {product} {management}
     uint G1ConcRefinementThreads                  = 10                                        {product} {ergonomic}
   size_t G1HeapRegionSize                         = 1048576                                   {product} {ergonomic}
   size_t InitialHeapSize                          = 132120576                                 {product} {ergonomic}
   size_t MarkStackSize                            = 4194304                                   {product} {ergonomic}
   size_t MarkStackSizeMax                         = 536870912                                 {product} {ergonomic}
   size_t MaxHeapSize                              = 2095054848                                {product} {ergonomic}
   size_t MaxNewSize                               = 1256194048                                {product} {ergonomic}
   size_t MinHeapDeltaBytes                        = 1048576                                   {product} {ergonomic}
   size_t MinHeapSize                              = 8388608                                   {product} {ergonomic}
    uintx NonNMethodCodeHeapSize                   = 5832704                                {pd product} {ergonomic}
    uintx NonProfiledCodeHeapSize                  = 122945536                              {pd product} {ergonomic}
    uintx ProfiledCodeHeapSize                     = 122880000                              {pd product} {ergonomic}
    uintx ReservedCodeCacheSize                    = 251658240                              {pd product} {ergonomic}
     bool SegmentedCodeCache                       = true                                      {product} {ergonomic}
   size_t SoftMaxHeapSize                          = 2095054848                             {manageable} {ergonomic}
     bool UseCompressedOops                        = true                           {product lp64_product} {ergonomic}
     bool UseG1GC                                  = true                                      {product} {ergonomic}
     bool UseLargePagesIndividualAllocation        = false                                  {pd product} {ergonomic}

Logging:
Log output configuration:
 #0: stdout all=warning uptime,level,tags foldmultilines=false
 #1: stderr all=off uptime,level,tags foldmultilines=false

Environment Variables:
JAVA_HOME=C:\Program Files\Java\jdk-24
PATH=C:\Program Files\Common Files\Oracle\Java\javapath;C:\WINDOWS\system32;C:\WINDOWS;C:\WINDOWS\System32\Wbem;C:\WINDOWS\System32\WindowsPowerShell\v1.0\;C:\WINDOWS\System32\OpenSSH\;C:\Users\TAMZID-PC\AppData\Local\Microsoft\WindowsApps;C:\Users\TAMZID-PC\AppData\Local\JetBrains\Toolbox\scripts;
USERNAME=TAMZID-PC
OS=Windows_NT
PROCESSOR_IDENTIFIER=Intel64 Family 6 Model 167 Stepping 1, GenuineIntel
TMP=C:\Users\TAMZID~1\AppData\Local\Temp
TEMP=C:\Users\TAMZID~1\AppData\Local\Temp




Periodic native trim disabled

---------------  S Y S T E M  ---------------

OS:
 Windows 11 , 64 bit Build 22621 (10.0.22621.5262)
OS uptime: 0 days 2:25 hours
Hyper-V role detected

CPU: total 12 (initial active 12) (6 cores per cpu, 2 threads per core) family 6 model 167 stepping 1 microcode 0x40, cx8, cmov, fxsr, ht, mmx, 3dnowpref, sse, sse2, sse3, ssse3, sse4.1, sse4.2, popcnt, lzcnt, tsc, tscinvbit, avx, avx2, aes, erms, clmul, bmi1, bmi2, adx, avx512f, avx512dq, avx512cd, avx512bw, avx512vl, sha, fma, vzeroupper, avx512_vpopcntdq, avx512_vpclmulqdq, avx512_vaes, avx512_vnni, clflush, clflushopt, avx512_vbmi2, avx512_vbmi, hv, rdtscp, rdpid, fsrm, gfni, avx512_bitalg, f16c, avx512_ifma
Processor Information for the first 12 processors :
  Max Mhz: 2592, Current Mhz: 2592, Mhz Limit: 2592

Memory: 4k page, system-wide physical 7989M (771M free)
TotalPageFile size 14901M (AvailPageFile size 3111M)
current process WorkingSet (physical memory assigned to process): 145M, peak: 145M
current process commit charge ("private bytes"): 302M, peak: 302M

vm_info: Java HotSpot(TM) 64-Bit Server VM (24.0.1+9-30) for windows-amd64 JRE (24.0.1+9-30), built on 2025-03-05T07:23:45Z with MS VC++ 17.6 (VS2022)

END.
